========================================
Daily Lead Gen — 2026-06-08
Category: electricians
========================================
========================================
Browser Pipeline + Contact Enrichment
Category: electricians
Location: Melbourne, Australia
Limit: 10
========================================

[Step 1] Browser scraping Google Maps...
Found 10 leads
  - Millerwatts Electricians: https://www.millerwatts.com.au/
  - Melbourne General Electrical Services: https://www.melbelectricalservices.com.au/
  - SBH Electrical Melbourne: https://sbhelectrical.com.au/
  - Eastern Melbourne Electricians: https://www.easternmelbourneelectricians.com/
  - All Electrics Melbourne: https://allelectrics.com.au/
  - Melbourne Wide Electrical & Plumbing: https://www.melbournewide.com.au/
  - O'Shea Electrical - Electrician Melbourne: https://osheaelectrical.com.au/?utm_source=GMBlisting&utm_medium=organic
  - 24 Hour Power Melbourne: https://24hrpower.net.au/
  - Melbourne Electrical Co: https://melbourneelectricalco.com.au/?utm_source=google&utm_medium=gmb&utm_campaign=m1
  - Electrx: https://electrx.com.au/
Saved raw leads to data/processed/browser_raw.json

[Step 2] Enriching contacts from websites...
Enriching 10 leads...
  [1/10] Enriching: Millerwatts Electricians...
  [2/10] Enriching: Melbourne General Electrical Services...
  [3/10] Enriching: SBH Electrical Melbourne...
  [4/10] Enriching: Eastern Melbourne Electricians...
  [5/10] Enriching: All Electrics Melbourne...
  [6/10] Enriching: Melbourne Wide Electrical & Plumbing...
  [7/10] Enriching: O'Shea Electrical - Electrician Melbourne...
  [8/10] Enriching: 24 Hour Power Melbourne...
  [9/10] Enriching: Melbourne Electrical Co...
  [10/10] Enriching: Electrx...
Saved enriched leads to: data/processed/browser_enriched.json

[Step 3] Intelligence scoring...
Priority breakdown:
  🔥 Hot:   10
  🌡️ Warm:  0
  ❄️ Cold:  0
  🔥 Millerwatts Electricians: score=100, opportunities=['reputation_management', 'ai_chatbot', 'click_to_call', 'seo_optimization', 'online_booking']
  🔥 Melbourne General Electrical Services: score=100, opportunities=['reputation_management', 'ai_chatbot', 'click_to_call', 'seo_optimization', 'online_booking']
  🔥 SBH Electrical Melbourne: score=100, opportunities=['reputation_management', 'ai_chatbot', 'click_to_call', 'seo_optimization', 'online_booking']
Saved scored leads to data/processed/browser_scored.json

[Step 4] Generating outreach CSVs...
All leads:     10 → data/reports/outreach_ready.csv
Hot leads:     10 → data/reports/hot_leads.csv
Warm leads:    0 → data/reports/warm_leads.csv

========================================
✅ Pipeline complete!
Files:
  data/processed/browser_raw.json       — raw Maps data
  data/processed/browser_enriched.json  — with emails/socials
  data/processed/browser_scored.json    — with intelligence scores
  data/reports/outreach_ready.csv       — ALL leads
  data/reports/hot_leads.csv            — 🔥 HOT leads only
  data/reports/warm_leads.csv           — 🌡️ WARM leads only
========================================

[Obsidian Sync] Copying leads to vault...
Master deduplicated: 100 unique leads

========================================
✅ Daily lead gen complete!
Obsidian: /Users/oktos/Obsidian/Penelopi/Leads/By-Category/hot_electricians_2026-06-08.csv
Master:   /Users/oktos/Obsidian/Penelopi/Leads/Master/hot_leads_master.csv
========================================
