========================================
Daily Lead Gen — 2026-06-02
Category: dentists
========================================
========================================
Browser Pipeline + Contact Enrichment
Category: dentists
Location: Melbourne, Australia
Limit: 10
========================================

[Step 1] Browser scraping Google Maps...
Found 10 leads
  - Gorgeous Smiles Dentist Melbourne: https://www.gorgeoussmiles.com.au/
  - Smile Solutions - Dentist Melbourne: https://www.smilesolutions.com.au/
  - Australian Dentists Clinic: https://dentistsclinic.com.au/locations/melbourne-cbd/index.html
  - Collins Street Dental: https://www.collinsstreetdental.net.au/?utm_source=gmb&utm_medium=organic
  - Art De Dente - Dentist Melbourne CBD: https://artdedente.com.au/
  - The Affordable Dentist Melbourne: https://affordabledentistcbd.melbourne/?utm_source=GMB&utm_medium=GMBprofile&utm_campaign=GMBprofile
  - Melbourne Dentist Clinic: https://melbourne.dentist-clinic.com/
  - Dentist Melbourne Clinic: https://www.dentistmelbourneclinic.com.au/index.php
  - MC Dental Melbourne Central Shopping Centre: https://www.mcdental.com.au/
  - Pacific Smiles Dental Melbourne: https://www.pacificsmilesdental.com.au/locations/victoria/melbourne-cbd/?utm_source=google_my_business&utm_medium=yext
Saved raw leads to data/processed/browser_raw.json

[Step 2] Enriching contacts from websites...
Enriching 10 leads...
  [1/10] Enriching: Gorgeous Smiles Dentist Melbourne...
  [2/10] Enriching: Smile Solutions - Dentist Melbourne...
  [3/10] Enriching: Australian Dentists Clinic...
  [4/10] Enriching: Collins Street Dental...
  [5/10] Enriching: Art De Dente - Dentist Melbourne CBD...
  [6/10] Enriching: The Affordable Dentist Melbourne...
  [7/10] Enriching: Melbourne Dentist Clinic...
  [8/10] Enriching: Dentist Melbourne Clinic...
  [9/10] Enriching: MC Dental Melbourne Central Shopping Centre...
  [10/10] Enriching: Pacific Smiles Dental Melbourne...
Saved enriched leads to: data/processed/browser_enriched.json

[Step 3] Intelligence scoring...
Priority breakdown:
  🔥 Hot:   10
  🌡️ Warm:  0
  ❄️ Cold:  0
  🔥 Gorgeous Smiles Dentist Melbourne: score=100, opportunities=['click_to_call', 'seo_optimization', 'reputation_management', 'ai_chatbot', 'online_booking']
  🔥 Smile Solutions - Dentist Melbourne: score=100, opportunities=['click_to_call', 'seo_optimization', 'reputation_management', 'ai_chatbot', 'online_booking']
  🔥 Australian Dentists Clinic: score=100, opportunities=['click_to_call', 'seo_optimization', 'reputation_management', 'ai_chatbot', 'online_booking']
Saved scored leads to data/processed/browser_scored.json

[Step 4] Generating outreach CSVs...
All leads:     10 → data/reports/outreach_ready.csv
Hot leads:     10 → data/reports/hot_leads.csv
Warm leads:    0 → data/reports/warm_leads.csv

========================================
✅ Pipeline complete!
Files:
  data/processed/browser_raw.json       — raw Maps data
  data/processed/browser_enriched.json  — with emails/socials
  data/processed/browser_scored.json    — with intelligence scores
  data/reports/outreach_ready.csv       — ALL leads
  data/reports/hot_leads.csv            — 🔥 HOT leads only
  data/reports/warm_leads.csv           — 🌡️ WARM leads only
========================================

[Obsidian Sync] Copying leads to vault...
Master deduplicated: 85 unique leads

========================================
✅ Daily lead gen complete!
Obsidian: /Users/oktos/Obsidian/Penelopi/Leads/By-Category/hot_dentists_2026-06-02.csv
Master:   /Users/oktos/Obsidian/Penelopi/Leads/Master/hot_leads_master.csv
========================================
