========================================
Daily Lead Gen — 2026-06-10
Category: hvac
========================================
========================================
Browser Pipeline + Contact Enrichment
Category: hvac
Location: Melbourne, Australia
Limit: 10
========================================

[Step 1] Browser scraping Google Maps...
Traceback (most recent call last):
  File "<string>", line 7, in <module>
    leads = browser_search_with_retry(scraper, 'hvac', 'Melbourne, Australia', max_retries=2)
  File "/Users/oktos/.openclaw/workspace/leadgen/src/browser_scraper.py", line 281, in browser_search_with_retry
    return scraper.search_businesses(category=category, location=location)
           ~~~~~~~~~~~~~~~~~~~~~~~~~^^^^^^^^^^^^^^^^^^^^^^^^^^^^^^^^^^^^^^
  File "/Users/oktos/.openclaw/workspace/leadgen/src/browser_scraper.py", line 60, in search_businesses
    self._navigate_and_search(page, query)
    ~~~~~~~~~~~~~~~~~~~~~~~~~^^^^^^^^^^^^^
  File "/Users/oktos/.openclaw/workspace/leadgen/src/browser_scraper.py", line 71, in _navigate_and_search
    page.goto("https://www.google.com/maps", wait_until="domcontentloaded", timeout=60000)
    ~~~~~~~~~^^^^^^^^^^^^^^^^^^^^^^^^^^^^^^^^^^^^^^^^^^^^^^^^^^^^^^^^^^^^^^^^^^^^^^^^^^^^^
  File "/Users/oktos/.openclaw/workspace/leadgen/.venv/lib/python3.14/site-packages/playwright/sync_api/_generated.py", line 9362, in goto
    self._sync(
    ~~~~~~~~~~^
        self._impl_obj.goto(
        ^^^^^^^^^^^^^^^^^^^^
            url=url, timeout=timeout, waitUntil=wait_until, referer=referer
            ^^^^^^^^^^^^^^^^^^^^^^^^^^^^^^^^^^^^^^^^^^^^^^^^^^^^^^^^^^^^^^^
        )
        ^
    )
    ^
  File "/Users/oktos/.openclaw/workspace/leadgen/.venv/lib/python3.14/site-packages/playwright/_impl/_sync_base.py", line 115, in _sync
    return task.result()
           ~~~~~~~~~~~^^
  File "/Users/oktos/.openclaw/workspace/leadgen/.venv/lib/python3.14/site-packages/playwright/_impl/_page.py", line 552, in goto
    return await self._main_frame.goto(**locals_to_params(locals()))
           ^^^^^^^^^^^^^^^^^^^^^^^^^^^^^^^^^^^^^^^^^^^^^^^^^^^^^^^^^
  File "/Users/oktos/.openclaw/workspace/leadgen/.venv/lib/python3.14/site-packages/playwright/_impl/_frame.py", line 153, in goto
    await self._channel.send(
        "goto", self._navigation_timeout, locals_to_params(locals())
    )
  File "/Users/oktos/.openclaw/workspace/leadgen/.venv/lib/python3.14/site-packages/playwright/_impl/_connection.py", line 69, in send
    return await self._connection.wrap_api_call(
           ^^^^^^^^^^^^^^^^^^^^^^^^^^^^^^^^^^^^^
    ...<3 lines>...
    )
    ^
  File "/Users/oktos/.openclaw/workspace/leadgen/.venv/lib/python3.14/site-packages/playwright/_impl/_connection.py", line 559, in wrap_api_call
    raise rewrite_error(error, f"{parsed_st['apiName']}: {error}") from None
playwright._impl._errors.Error: Page.goto: net::ERR_NAME_NOT_RESOLVED at https://www.google.com/maps
Call log:
  - navigating to "https://www.google.com/maps", waiting until "domcontentloaded"

