[2026-03-24 17:10:25] ==================================================
[2026-03-24 17:10:25] R&D Analyst Watcher starting...
[2026-03-24 17:10:25] No queued intel files. Scout will add them when new episodes drop.
[2026-03-24 17:10:25] Watcher ready. Monitoring for new intel...
[2026-03-25 03:00:30] New intel detected: 20260325_They_Banned_My_$35K_Month_Page_So_I_Started_a_Busi.json
[2026-03-25 03:00:30] Processing: 20260325_They_Banned_My_$35K_Month_Page_So_I_Started_a_Busi.json
[2026-03-25 03:00:30] Task created: /Users/oktos/.openclaw/workspace/.rnd/tasks/analyst-20260325_They_Banned_My_$35K_Month_Page_So_I_Started_a_Busi.json
[2026-03-25 03:00:30] Analyst task ready for spawning
[2026-03-25 13:09:17] ==================================================
[2026-03-25 13:09:17] R&D Analyst Watcher starting...
[2026-03-25 13:09:18] No queued intel files. Scout will add them when new episodes drop.
[2026-03-25 13:09:18] Watcher ready. Monitoring for new intel...
[2026-03-27 03:52:01] ==================================================
[2026-03-27 03:52:01] R&D Analyst Watcher starting...
[2026-03-27 03:52:01] No queued intel files. Scout will add them when new episodes drop.
[2026-03-27 03:52:01] Watcher ready. Monitoring for new intel...
[2026-03-28 03:00:16] New intel detected: 20260328_How_a_Non-Coder_Made_$2.5M_in_One_Year_Using_AI⏐Ep.json
[2026-03-28 03:00:16] Processing: 20260328_How_a_Non-Coder_Made_$2.5M_in_One_Year_Using_AI⏐Ep.json
[2026-03-28 03:00:16] Task created: /Users/oktos/.openclaw/workspace/.rnd/tasks/analyst-20260328_How_a_Non-Coder_Made_$2.5M_in_One_Year_Using_AI⏐Ep.json
[2026-03-28 03:00:16] Analyst task ready for spawning
[2026-03-29 20:46:14] ==================================================
[2026-03-29 20:46:14] R&D Analyst Watcher starting...
[2026-03-29 20:46:14] No queued intel files. Scout will add them when new episodes drop.
[2026-03-29 20:46:14] Watcher ready. Monitoring for new intel...
[2026-04-01 03:00:43] New intel detected: 20260401_He_Makes_$45K_Month_Selling_Stuff_on_Live_Stream⏐E.json
[2026-04-01 03:00:43] Processing: 20260401_He_Makes_$45K_Month_Selling_Stuff_on_Live_Stream⏐E.json
[2026-04-01 03:00:43] Task created: /Users/oktos/.openclaw/workspace/.rnd/tasks/analyst-20260401_He_Makes_$45K_Month_Selling_Stuff_on_Live_Stream⏐E.json
[2026-04-01 03:00:43] Analyst task ready for spawning
[2026-04-02 03:00:53] New intel detected: 20260402_He_Found_a_Way_to_Make_$1K_Hour_From_His_Phone⏐Ep..json
[2026-04-02 03:00:53] Processing: 20260402_He_Found_a_Way_to_Make_$1K_Hour_From_His_Phone⏐Ep..json
[2026-04-02 03:00:53] Task created: /Users/oktos/.openclaw/workspace/.rnd/tasks/analyst-20260402_He_Found_a_Way_to_Make_$1K_Hour_From_His_Phone⏐Ep..json
[2026-04-02 03:00:53] Analyst task ready for spawning
[2026-04-02 21:23:30] ==================================================
[2026-04-02 21:23:30] R&D Analyst Watcher starting...
[2026-04-02 21:23:30] No queued intel files. Scout will add them when new episodes drop.
[2026-04-02 21:23:30] Watcher ready. Monitoring for new intel...
[2026-04-04 03:00:06] New intel detected: 20260404_He_Made_$132K_in_24_Days_With_a_Drone⏐Ep._#288.json
[2026-04-04 03:00:06] Processing: 20260404_He_Made_$132K_in_24_Days_With_a_Drone⏐Ep._#288.json
[2026-04-04 03:00:06] Task created: /Users/oktos/.openclaw/workspace/.rnd/tasks/analyst-20260404_He_Made_$132K_in_24_Days_With_a_Drone⏐Ep._#288.json
[2026-04-04 03:00:06] Analyst task ready for spawning
[2026-04-04 23:24:10] ==================================================
[2026-04-04 23:24:10] R&D Analyst Watcher starting...
[2026-04-04 23:24:10] No queued intel files. Scout will add them when new episodes drop.
[2026-04-04 23:24:10] Watcher ready. Monitoring for new intel...
[2026-04-06 03:00:47] New intel detected: 20260406_He_Made_$132K_in_24_Days._WILD_Story⏐Ep._#288.json
[2026-04-06 03:00:47] Processing: 20260406_He_Made_$132K_in_24_Days._WILD_Story⏐Ep._#288.json
[2026-04-06 03:00:47] Task created: /Users/oktos/.openclaw/workspace/.rnd/tasks/analyst-20260406_He_Made_$132K_in_24_Days._WILD_Story⏐Ep._#288.json
[2026-04-06 03:00:47] Analyst task ready for spawning
[2026-04-08 03:00:55] New intel detected: 20260408_He's_18,_Can't_Code,_and_Makes_$5K_Month_From_One_.json
[2026-04-08 03:00:55] Processing: 20260408_He's_18,_Can't_Code,_and_Makes_$5K_Month_From_One_.json
[2026-04-08 03:00:55] Task created: /Users/oktos/.openclaw/workspace/.rnd/tasks/analyst-20260408_He's_18,_Can't_Code,_and_Makes_$5K_Month_From_One_.json
[2026-04-08 03:00:55] Analyst task ready for spawning
[2026-04-11 03:00:11] New intel detected: 20260411_5_Businesses_You_Can_Start_With Almost_No_Money⏐Ep.json
[2026-04-11 03:00:11] Processing: 20260411_5_Businesses_You_Can_Start_With Almost_No_Money⏐Ep.json
[2026-04-11 03:00:11] Task created: /Users/oktos/.openclaw/workspace/.rnd/tasks/analyst-20260411_5_Businesses_You_Can_Start_With Almost_No_Money⏐Ep.json
[2026-04-11 03:00:11] Analyst task ready for spawning
[2026-04-14 03:00:30] New intel detected: 20260414_6_Businesses_You_Can_Start_With Almost_No_Money⏐Ep.json
[2026-04-14 03:00:30] Processing: 20260414_6_Businesses_You_Can_Start_With Almost_No_Money⏐Ep.json
[2026-04-14 03:00:30] Task created: /Users/oktos/.openclaw/workspace/.rnd/tasks/analyst-20260414_6_Businesses_You_Can_Start_With Almost_No_Money⏐Ep.json
[2026-04-14 03:00:30] Analyst task ready for spawning
[2026-04-15 03:01:06] New intel detected: 20260415_He_Turned_$90_Into_$50K_by_Mailing_Ads⏐Ep._#291.json
[2026-04-15 03:01:06] Processing: 20260415_He_Turned_$90_Into_$50K_by_Mailing_Ads⏐Ep._#291.json
[2026-04-15 03:01:06] Task created: /Users/oktos/.openclaw/workspace/.rnd/tasks/analyst-20260415_He_Turned_$90_Into_$50K_by_Mailing_Ads⏐Ep._#291.json
[2026-04-15 03:01:06] Analyst task ready for spawning
[2026-04-19 03:00:36] New intel detected: 20260419_The_Easiest_Way_to_Actually_Make_Money_With_AI⏐Ep..json
[2026-04-19 03:00:36] Processing: 20260419_The_Easiest_Way_to_Actually_Make_Money_With_AI⏐Ep..json
[2026-04-19 03:00:36] Task created: /Users/oktos/.openclaw/workspace/.rnd/tasks/analyst-20260419_The_Easiest_Way_to_Actually_Make_Money_With_AI⏐Ep..json
[2026-04-19 03:00:36] Analyst task ready for spawning
[2026-04-20 14:41:50] ==================================================
[2026-04-20 14:41:50] R&D Analyst Watcher starting...
[2026-04-20 14:41:50] No queued intel files. Scout will add them when new episodes drop.
[2026-04-20 14:41:50] Watcher ready. Monitoring for new intel...
[2026-04-22 03:00:09] New intel detected: 20260422_The_Most_Profitable_Solo_Business_You've_Never_Hea.json
[2026-04-22 03:00:09] Processing: 20260422_The_Most_Profitable_Solo_Business_You've_Never_Hea.json
[2026-04-22 03:00:09] Task created: /Users/oktos/.openclaw/workspace/.rnd/tasks/analyst-20260422_The_Most_Profitable_Solo_Business_You've_Never_Hea.json
[2026-04-22 03:00:09] Analyst task ready for spawning
[2026-04-24 12:10:19] ==================================================
[2026-04-24 12:10:19] R&D Analyst Watcher starting...
[2026-04-24 12:10:19] No queued intel files. Scout will add them when new episodes drop.
[2026-04-24 12:10:19] Watcher ready. Monitoring for new intel...
[2026-04-26 03:00:32] New intel detected: 20260426_The_Best_First_Side_Hustle_Anyone_Can_Start_-_Ep._.json
[2026-04-26 03:00:32] Processing: 20260426_The_Best_First_Side_Hustle_Anyone_Can_Start_-_Ep._.json
[2026-04-26 03:00:32] Task created: /Users/oktos/.openclaw/workspace/.rnd/tasks/analyst-20260426_The_Best_First_Side_Hustle_Anyone_Can_Start_-_Ep._.json
[2026-04-26 03:00:32] Analyst task ready for spawning
[2026-04-29 03:00:55] New intel detected: 20260429_He_Made_$120K_His_Second_Month_as_a_Middleman_for_.json
[2026-04-29 03:00:55] Processing: 20260429_He_Made_$120K_His_Second_Month_as_a_Middleman_for_.json
[2026-04-29 03:00:55] Task created: /Users/oktos/.openclaw/workspace/.rnd/tasks/analyst-20260429_He_Made_$120K_His_Second_Month_as_a_Middleman_for_.json
[2026-04-29 03:00:55] Analyst task ready for spawning
[2026-04-30 03:00:34] New intel detected: 20260430_He_Makes_$4K_Day_With_This_Weird_Middleman_Busines.json
[2026-04-30 03:00:34] Processing: 20260430_He_Makes_$4K_Day_With_This_Weird_Middleman_Busines.json
[2026-04-30 03:00:34] Task created: /Users/oktos/.openclaw/workspace/.rnd/tasks/analyst-20260430_He_Makes_$4K_Day_With_This_Weird_Middleman_Busines.json
[2026-04-30 03:00:34] Analyst task ready for spawning
[2026-05-02 03:00:11] New intel detected: 20260502_The_Most_Passive_$104K_M_Online_Business_You've_Ne.json
[2026-05-02 03:00:11] Processing: 20260502_The_Most_Passive_$104K_M_Online_Business_You've_Ne.json
[2026-05-02 03:00:11] Task created: /Users/oktos/.openclaw/workspace/.rnd/tasks/analyst-20260502_The_Most_Passive_$104K_M_Online_Business_You've_Ne.json
[2026-05-02 03:00:11] Analyst task ready for spawning
[2026-05-06 03:00:48] New intel detected: 20260506_This_Cheap_Business_in_a_Box_Makes_$2K+_a_Day_-_Ep.json
[2026-05-06 03:00:48] Processing: 20260506_This_Cheap_Business_in_a_Box_Makes_$2K+_a_Day_-_Ep.json
[2026-05-06 03:00:48] Task created: /Users/oktos/.openclaw/workspace/.rnd/tasks/analyst-20260506_This_Cheap_Business_in_a_Box_Makes_$2K+_a_Day_-_Ep.json
[2026-05-06 03:00:48] Analyst task ready for spawning
[2026-05-07 07:39:56] ==================================================
[2026-05-07 07:39:56] R&D Analyst Watcher starting...
[2026-05-07 07:39:56] No queued intel files. Scout will add them when new episodes drop.
[2026-05-07 07:39:56] Watcher ready. Monitoring for new intel...
[2026-05-10 03:00:46] New intel detected: 20260510_How_Anyone_Can_Make_$10K+_Month_From_the_Governmen.json
[2026-05-10 03:00:46] Processing: 20260510_How_Anyone_Can_Make_$10K+_Month_From_the_Governmen.json
[2026-05-10 03:00:46] Task created: /Users/oktos/.openclaw/workspace/.rnd/tasks/analyst-20260510_How_Anyone_Can_Make_$10K+_Month_From_the_Governmen.json
[2026-05-10 03:00:46] Analyst task ready for spawning
[2026-05-13 03:00:55] New intel detected: 20260513_Forget_Apps._Sell_These_Tiny_AI_Tools_Instead_-_Ep.json
[2026-05-13 03:00:55] Processing: 20260513_Forget_Apps._Sell_These_Tiny_AI_Tools_Instead_-_Ep.json
[2026-05-13 03:00:55] Task created: /Users/oktos/.openclaw/workspace/.rnd/tasks/analyst-20260513_Forget_Apps._Sell_These_Tiny_AI_Tools_Instead_-_Ep.json
[2026-05-13 03:00:55] Analyst task ready for spawning
[2026-05-16 03:00:13] New intel detected: 20260516_$20K_Month_Helping_People_Spend_Money_-_Ep._#300.json
[2026-05-16 03:00:13] Processing: 20260516_$20K_Month_Helping_People_Spend_Money_-_Ep._#300.json
[2026-05-16 03:00:13] Task created: /Users/oktos/.openclaw/workspace/.rnd/tasks/analyst-20260516_$20K_Month_Helping_People_Spend_Money_-_Ep._#300.json
[2026-05-16 03:00:13] Analyst task ready for spawning
[2026-05-19 03:00:07] New intel detected: 20260519_The_Credit_Card_Side_Hustle_No_One_Talks_About_-_E.json
[2026-05-19 03:00:07] Processing: 20260519_The_Credit_Card_Side_Hustle_No_One_Talks_About_-_E.json
[2026-05-19 03:00:07] Task created: /Users/oktos/.openclaw/workspace/.rnd/tasks/analyst-20260519_The_Credit_Card_Side_Hustle_No_One_Talks_About_-_E.json
[2026-05-19 03:00:07] Analyst task ready for spawning
[2026-05-19 18:17:18] ==================================================
[2026-05-19 18:17:18] R&D Analyst Watcher starting...
[2026-05-19 18:17:18] No queued intel files. Scout will add them when new episodes drop.
[2026-05-19 18:17:18] Watcher ready. Monitoring for new intel...
[2026-05-20 03:00:42] New intel detected: 20260520_12_Simple_Online_Side_Hustles_Anyone_Can_Start_-_E.json
[2026-05-20 03:00:42] Processing: 20260520_12_Simple_Online_Side_Hustles_Anyone_Can_Start_-_E.json
[2026-05-20 03:00:42] Task created: /Users/oktos/.openclaw/workspace/.rnd/tasks/analyst-20260520_12_Simple_Online_Side_Hustles_Anyone_Can_Start_-_E.json
[2026-05-20 03:00:42] Analyst task ready for spawning
[2026-05-21 03:01:04] New intel detected: 20260521_Forget_Big_Apps._That_Tiny_Tools_Are_Making_Millio.json
[2026-05-21 03:01:04] Processing: 20260521_Forget_Big_Apps._That_Tiny_Tools_Are_Making_Millio.json
[2026-05-21 03:01:04] Task created: /Users/oktos/.openclaw/workspace/.rnd/tasks/analyst-20260521_Forget_Big_Apps._That_Tiny_Tools_Are_Making_Millio.json
[2026-05-21 03:01:04] Analyst task ready for spawning
[2026-05-21 10:17:04] ==================================================
[2026-05-21 10:17:04] R&D Analyst Watcher starting...
[2026-05-21 10:17:04] No queued intel files. Scout will add them when new episodes drop.
[2026-05-21 10:17:04] Watcher ready. Monitoring for new intel...
[2026-05-23 09:11:05] ==================================================
[2026-05-23 09:11:05] R&D Analyst Watcher starting...
[2026-05-23 09:11:05] No queued intel files. Scout will add them when new episodes drop.
[2026-05-23 09:11:05] Watcher ready. Monitoring for new intel...
[2026-05-24 03:11:51] New intel detected: 20260524_Old_VCRs_are_VERY_Profitable._ANYONE_can_do_this!_.json
[2026-05-24 03:11:51] Processing: 20260524_Old_VCRs_are_VERY_Profitable._ANYONE_can_do_this!_.json
[2026-05-24 03:11:51] Task created: /Users/oktos/.openclaw/workspace/.rnd/tasks/analyst-20260524_Old_VCRs_are_VERY_Profitable._ANYONE_can_do_this!_.json
[2026-05-24 03:11:51] Analyst task ready for spawning
[2026-05-28 03:00:26] New intel detected: 20260528__I_Told_an_AI_Agent_to_Make_Me_Money._It_Did._-_Ep.json
[2026-05-28 03:00:26] Processing: 20260528__I_Told_an_AI_Agent_to_Make_Me_Money._It_Did._-_Ep.json
[2026-05-28 03:00:26] Task created: /Users/oktos/.openclaw/workspace/.rnd/tasks/analyst-20260528__I_Told_an_AI_Agent_to_Make_Me_Money._It_Did._-_Ep.json
[2026-05-28 03:00:26] Analyst task ready for spawning
[2026-06-01 03:01:13] New intel detected: 20260601_He_Built_a_$10K_Month_AI_Business_With_Zero_Tech_S.json
[2026-06-01 03:01:13] Processing: 20260601_He_Built_a_$10K_Month_AI_Business_With_Zero_Tech_S.json
[2026-06-01 03:01:13] Task created: /Users/oktos/.openclaw/workspace/.rnd/tasks/analyst-20260601_He_Built_a_$10K_Month_AI_Business_With_Zero_Tech_S.json
[2026-06-01 03:01:13] Analyst task ready for spawning
[2026-06-03 03:01:01] New intel detected: 20260603_He_Used_AI_to_Make_$180K_in_6_Weeks_With_This_One_.json
[2026-06-03 03:01:01] Processing: 20260603_He_Used_AI_to_Make_$180K_in_6_Weeks_With_This_One_.json
[2026-06-03 03:01:01] Task created: /Users/oktos/.openclaw/workspace/.rnd/tasks/analyst-20260603_He_Used_AI_to_Make_$180K_in_6_Weeks_With_This_One_.json
[2026-06-03 03:01:01] Analyst task ready for spawning
[2026-06-06 03:00:31] New intel detected: 20260606_The_$60K_Month_Side_Hustle_AI_Will_Never_Replace_-.json
[2026-06-06 03:00:31] Processing: 20260606_The_$60K_Month_Side_Hustle_AI_Will_Never_Replace_-.json
[2026-06-06 03:00:31] Task created: /Users/oktos/.openclaw/workspace/.rnd/tasks/analyst-20260606_The_$60K_Month_Side_Hustle_AI_Will_Never_Replace_-.json
[2026-06-06 03:00:31] Analyst task ready for spawning
[2026-06-11 03:00:25] New intel detected: 20260611_The_Backyard_Side_Hustle_That_Made_$10K_in_a_Week_.json
[2026-06-11 03:00:25] Processing: 20260611_The_Backyard_Side_Hustle_That_Made_$10K_in_a_Week_.json
[2026-06-11 03:00:25] Task created: /Users/oktos/.openclaw/workspace/.rnd/tasks/analyst-20260611_The_Backyard_Side_Hustle_That_Made_$10K_in_a_Week_.json
[2026-06-11 03:00:25] Analyst task ready for spawning
[2026-06-13 03:00:34] New intel detected: 20260613_$532K_in_One_Month_Selling_Land_They_Didn't_Own_-_.json
[2026-06-13 03:00:34] Processing: 20260613_$532K_in_One_Month_Selling_Land_They_Didn't_Own_-_.json
[2026-06-13 03:00:34] Task created: /Users/oktos/.openclaw/workspace/.rnd/tasks/analyst-20260613_$532K_in_One_Month_Selling_Land_They_Didn't_Own_-_.json
[2026-06-13 03:00:34] Analyst task ready for spawning
[2026-06-18 03:01:02] New intel detected: 20260618_He_Made_$6K_in_3_Hours_Selling_Lemonade_-_Ep._#309.json
[2026-06-18 03:01:02] Processing: 20260618_He_Made_$6K_in_3_Hours_Selling_Lemonade_-_Ep._#309.json
[2026-06-18 03:01:02] Task created: /Users/oktos/.openclaw/workspace/.rnd/tasks/analyst-20260618_He_Made_$6K_in_3_Hours_Selling_Lemonade_-_Ep._#309.json
[2026-06-18 03:01:02] Analyst task ready for spawning
[2026-06-21 03:00:32] New intel detected: 20260621_5_Ways_to_Make_Money_From_an_AI_the_Government_Fea.json
[2026-06-21 03:00:32] Processing: 20260621_5_Ways_to_Make_Money_From_an_AI_the_Government_Fea.json
[2026-06-21 03:00:32] Task created: /Users/oktos/.openclaw/workspace/.rnd/tasks/analyst-20260621_5_Ways_to_Make_Money_From_an_AI_the_Government_Fea.json
[2026-06-21 03:00:32] Analyst task ready for spawning
